Determining if the pthread_create exist failed with the following output:
Change Dir: /home/alejandro/workspace/robot_reinforcement_learning/src/robot_reinforcement_learning/code-rl-environment-gazebo/rl_libs/aruco304/build/CMakeFiles/CMakeTmp

Run Build Command:"/usr/bin/make" "cmTC_664b9/fast"
make[1]: Entering directory `/home/alejandro/workspace/robot_reinforcement_learning/src/robot_reinforcement_learning/code-rl-environment-gazebo/rl_libs/aruco304/build/CMakeFiles/CMakeTmp'
/usr/bin/make -f CMakeFiles/cmTC_664b9.dir/build.make CMakeFiles/cmTC_664b9.dir/build
make[2]: Entering directory `/home/alejandro/workspace/robot_reinforcement_learning/src/robot_reinforcement_learning/code-rl-environment-gazebo/rl_libs/aruco304/build/CMakeFiles/CMakeTmp'
Building CXX object CMakeFiles/cmTC_664b9.dir/CheckSymbolExists.cxx.o
/usr/bin/c++     -o CMakeFiles/cmTC_664b9.dir/CheckSymbolExists.cxx.o -c /home/alejandro/workspace/robot_reinforcement_learning/src/robot_reinforcement_learning/code-rl-environment-gazebo/rl_libs/aruco304/build/CMakeFiles/CMakeTmp/CheckSymbolExists.cxx
Linking CXX executable cmTC_664b9
/usr/local/bin/cmake -E cmake_link_script CMakeFiles/cmTC_664b9.dir/link.txt --verbose=1
/usr/bin/c++       -rdynamic CMakeFiles/cmTC_664b9.dir/CheckSymbolExists.cxx.o  -o cmTC_664b9 
CMakeFiles/cmTC_664b9.dir/CheckSymbolExists.cxx.o: In function `main':
CheckSymbolExists.cxx:(.text+0x16): undefined reference to `pthread_create'
collect2: error: ld returned 1 exit status
make[2]: *** [cmTC_664b9] Error 1
make[2]: Leaving directory `/home/alejandro/workspace/robot_reinforcement_learning/src/robot_reinforcement_learning/code-rl-environment-gazebo/rl_libs/aruco304/build/CMakeFiles/CMakeTmp'
make[1]: *** [cmTC_664b9/fast] Error 2
make[1]: Leaving directory `/home/alejandro/workspace/robot_reinforcement_learning/src/robot_reinforcement_learning/code-rl-environment-gazebo/rl_libs/aruco304/build/CMakeFiles/CMakeTmp'

File /home/alejandro/workspace/robot_reinforcement_learning/src/robot_reinforcement_learning/code-rl-environment-gazebo/rl_libs/aruco304/build/CMakeFiles/CMakeTmp/CheckSymbolExists.cxx:
/* */
#include <pthread.h>

int main(int argc, char** argv)
{
  (void)argv;
#ifndef pthread_create
  return ((int*)(&pthread_create))[argc];
#else
  (void)argc;
  return 0;
#endif
}

Determining if the function pthread_create exists in the pthreads failed with the following output:
Change Dir: /home/alejandro/workspace/robot_reinforcement_learning/src/robot_reinforcement_learning/code-rl-environment-gazebo/rl_libs/aruco304/build/CMakeFiles/CMakeTmp

Run Build Command:"/usr/bin/make" "cmTC_fc203/fast"
make[1]: Entering directory `/home/alejandro/workspace/robot_reinforcement_learning/src/robot_reinforcement_learning/code-rl-environment-gazebo/rl_libs/aruco304/build/CMakeFiles/CMakeTmp'
/usr/bin/make -f CMakeFiles/cmTC_fc203.dir/build.make CMakeFiles/cmTC_fc203.dir/build
make[2]: Entering directory `/home/alejandro/workspace/robot_reinforcement_learning/src/robot_reinforcement_learning/code-rl-environment-gazebo/rl_libs/aruco304/build/CMakeFiles/CMakeTmp'
Building CXX object CMakeFiles/cmTC_fc203.dir/CheckFunctionExists.cxx.o
/usr/bin/c++    -DCHECK_FUNCTION_EXISTS=pthread_create   -o CMakeFiles/cmTC_fc203.dir/CheckFunctionExists.cxx.o -c /home/alejandro/workspace/robot_reinforcement_learning/src/robot_reinforcement_learning/code-rl-environment-gazebo/rl_libs/aruco304/build/CMakeFiles/CheckLibraryExists/CheckFunctionExists.cxx
Linking CXX executable cmTC_fc203
/usr/local/bin/cmake -E cmake_link_script CMakeFiles/cmTC_fc203.dir/link.txt --verbose=1
/usr/bin/c++   -DCHECK_FUNCTION_EXISTS=pthread_create    -rdynamic CMakeFiles/cmTC_fc203.dir/CheckFunctionExists.cxx.o  -o cmTC_fc203 -lpthreads 
/usr/bin/ld: cannot find -lpthreads
collect2: error: ld returned 1 exit status
make[2]: *** [cmTC_fc203] Error 1
make[2]: Leaving directory `/home/alejandro/workspace/robot_reinforcement_learning/src/robot_reinforcement_learning/code-rl-environment-gazebo/rl_libs/aruco304/build/CMakeFiles/CMakeTmp'
make[1]: *** [cmTC_fc203/fast] Error 2
make[1]: Leaving directory `/home/alejandro/workspace/robot_reinforcement_learning/src/robot_reinforcement_learning/code-rl-environment-gazebo/rl_libs/aruco304/build/CMakeFiles/CMakeTmp'


